<?xml version="1.0" encoding="UTF-8"?>
<testng-results skipped="0" failed="0" ignored="0" total="3" passed="3">
  <reporter-output>
  </reporter-output>
  <suite name="Default suite" duration-ms="4507" started-at="2020-03-12T14:31:29 IST" finished-at="2020-03-12T14:31:33 IST">
    <groups>
    </groups>
    <test name="Default test" duration-ms="4507" started-at="2020-03-12T14:31:29 IST" finished-at="2020-03-12T14:31:33 IST">
      <class name="stepdfn.GetCallBDD">
        <test-method status="PASS" signature="test_currentF1()[pri:0, instance:stepdfn.GetCallBDD@e320068]" name="test_currentF1" duration-ms="3651" started-at="2020-03-12T14:31:29 IST" finished-at="2020-03-12T14:31:33 IST">
          <reporter-output>
          </reporter-output>
        </test-method> <!-- test_currentF1 -->
        <test-method status="PASS" signature="test_numberOfCircuitsFor2017()[pri:0, instance:stepdfn.GetCallBDD@e320068]" name="test_numberOfCircuitsFor2017" duration-ms="412" started-at="2020-03-12T14:31:33 IST" finished-at="2020-03-12T14:31:33 IST">
          <reporter-output>
          </reporter-output>
        </test-method> <!-- test_numberOfCircuitsFor2017 -->
        <test-method status="PASS" signature="test_numberOfRoundsFor2018()[pri:0, instance:stepdfn.GetCallBDD@e320068]" name="test_numberOfRoundsFor2018" duration-ms="395" started-at="2020-03-12T14:31:33 IST" finished-at="2020-03-12T14:31:33 IST">
          <reporter-output>
          </reporter-output>
        </test-method> <!-- test_numberOfRoundsFor2018 -->
      </class> <!-- stepdfn.GetCallBDD -->
    </test> <!-- Default test -->
  </suite> <!-- Default suite -->
</testng-results>
