<?xml version="1.0" encoding="UTF-8"?>
<!-- Generated by org.testng.reporters.JUnitXMLReporter -->
<testsuite hostname="WKWIN7870043" ignored="0" name="Default test" tests="3" failures="0" timestamp="2020-03-12T14:31:33 IST" time="4.507" errors="0">
  <testcase name="test_currentF1" time="3.651" classname="stepdfn.GetCallBDD"/>
  <testcase name="test_numberOfCircuitsFor2017" time="0.412" classname="stepdfn.GetCallBDD"/>
  <testcase name="test_numberOfRoundsFor2018" time="0.395" classname="stepdfn.GetCallBDD"/>
</testsuite> <!-- Default test -->
